Client started on: 192.168.0.94:1337
All the commands are available in the README.md file

Enter a command: 
Server replied: New client connected Windows 11
Number of connected clients: 1 [1]

Enter a command: 
Server replied: New client connected Windows 11
Server replied: New client connected Windows 11
Server replied: New client connected Windows 11
Number of connected clients: 4 [1, 2, 3, 4]

Enter a command: 
Server replied: null
Client 1 closed.
Server replied: null
Client 2 closed.
Server replied: null
Client 3 closed.
Server replied: null
Client 4 closed.
Number of connected clients: 0 
Enter a command: 
java.base/java.net.Socket.<init>(Socket.java:324)
	at client.Client.createAndSendClient(Client.java:169)
	at client.Client.processCommand(Client.java:112)
	at client.Client.startClient(Client.java:69)
	at client.Client.main(Client.java:309)
java.net.ConnectException: Connection refused: connect
	at java.base/sun.nio.ch.Net.connect0(Native Method)
	at java.base/sun.nio.ch.Net.connect(Net.java:589)
	at java.base/sun.nio.ch.Net.connect(Net.java:578)
	at java.base/sun.nio.ch.NioSocketImpl.connect(NioSocketImpl.java:583)
	at java.base/java.net.SocksSocketImpl.connect(SocksSocketImpl.java:327)
	at java.base/java.net.Socket.connect(Socket.java:751)
	at java.base/java.net.Socket.connect(Socket.java:686)
	at java.base/java.net.Socket.<init>(Socket.java:555)
	at java.base/java.net.Socket.<init>(Socket.java:324)
	at client.Client.createAndSendClient(Client.java:169)
	at client.Client.processCommand(Client.java:112)
	at client.Client.startClient(Client.java:69)
	at client.Client.main(Client.java:309)
